<?xml version="1.0" encoding="UTF-8"?>
<!-- Generated by org.testng.reporters.JUnitReportReporter -->
<testsuite hostname="DESKTOP-UDUJB2T" failures="0" tests="1" name="test.TC_Login" time="4.315" errors="0" timestamp="2023-12-05T00:23:28 ICT" skipped="0">
  <testcase classname="test.TC_Login" name="createAccount" time="4.315"/>
  <system-out/>
</testsuite> <!-- test.TC_Login -->
