<?xml version="1.0" encoding="UTF-8"?>
<!-- Generated by org.testng.reporters.JUnitReportReporter -->
<testsuite hostname="DESKTOP-UDUJB2T" failures="0" tests="1" name="Homework_Day10_Bai6" time="0.477" errors="0" timestamp="2023-11-20T12:54:29 ICT" skipped="0">
  <testcase classname="Homework_Day10_Bai6" name="testSelectable" time="0.477"/>
  <system-out/>
</testsuite> <!-- Homework_Day10_Bai6 -->
