<?xml version="1.0" encoding="UTF-8"?>
<!-- Generated by org.testng.reporters.JUnitReportReporter -->
<testsuite hostname="DESKTOP-UDUJB2T" failures="0" tests="2" name="Day11_TestNG" time="1.656" errors="0" timestamp="2023-11-17T00:09:01 ICT" skipped="0">
  <testcase classname="Day11_TestNG" name="Test_TC01" time="0.803"/>
  <system-out/>
  <testcase classname="Day11_TestNG" name="Test_TC02" time="0.853"/>
  <system-out/>
</testsuite> <!-- Day11_TestNG -->
