<?xml version="1.0" encoding="UTF-8"?>
<!-- Generated by org.testng.reporters.JUnitReportReporter -->
<testsuite hostname="DESKTOP-UDUJB2T" failures="0" tests="8" name="test.TC_AddCustomer" time="32.893" errors="0" timestamp="2023-12-11T14:29:48 ICT" skipped="0">
  <testcase classname="test.TC_AddCustomer" name="addCustomerTest" time="3.523"/>
  <system-out/>
  <testcase classname="test.TC_AddCustomer" name="addCustomerTest" time="7.628"/>
  <system-out/>
  <testcase classname="test.TC_AddCustomer" name="addCustomerTest" time="3.664"/>
  <system-out/>
  <testcase classname="test.TC_AddCustomer" name="addCustomerTest" time="3.631"/>
  <system-out/>
  <testcase classname="test.TC_AddCustomer" name="addCustomerTest" time="3.598"/>
  <system-out/>
  <testcase classname="test.TC_AddCustomer" name="addCustomerTest" time="3.573"/>
  <system-out/>
  <testcase classname="test.TC_AddCustomer" name="addCustomerTest" time="3.733"/>
  <system-out/>
  <testcase classname="test.TC_AddCustomer" name="addCustomerTest" time="3.543"/>
  <system-out/>
</testsuite> <!-- test.TC_AddCustomer -->
