<?xml version="1.0" encoding="UTF-8"?>
<!-- Generated by org.testng.reporters.JUnitReportReporter -->
<testsuite hostname="DESKTOP-UDUJB2T" failures="0" tests="1" name="Homework_Day10_Bai7" time="12.717" errors="0" timestamp="2023-11-21T00:43:22 ICT" skipped="0">
  <testcase classname="Homework_Day10_Bai7" name="testSignupWithDifferentPasswords" time="12.717"/>
  <system-out/>
</testsuite> <!-- Homework_Day10_Bai7 -->
