<?xml version="1.0" encoding="UTF-8"?>
<!-- Generated by org.testng.reporters.JUnitReportReporter -->
<testsuite hostname="DESKTOP-UDUJB2T" failures="0" tests="1" name="test.TC_Register" time="3.955" errors="0" timestamp="2023-12-05T00:01:07 ICT" skipped="0">
  <testcase classname="test.TC_Register" name="TC_clickButtonCreate" time="3.955"/>
  <system-out/>
</testsuite> <!-- test.TC_Register -->
