<?xml version="1.0" encoding="UTF-8"?>
<!-- Generated by org.testng.reporters.JUnitReportReporter -->
<testsuite hostname="DESKTOP-UDUJB2T" failures="0" tests="8" name="test.TC_AddCustomer" time="38.966" errors="0" timestamp="2023-12-01T23:52:08 ICT" skipped="0">
  <testcase classname="test.TC_AddCustomer" name="addCustomerTest" time="4.379"/>
  <system-out/>
  <testcase classname="test.TC_AddCustomer" name="addCustomerTest" time="4.349"/>
  <system-out/>
  <testcase classname="test.TC_AddCustomer" name="addCustomerTest" time="4.452"/>
  <system-out/>
  <testcase classname="test.TC_AddCustomer" name="addCustomerTest" time="4.452"/>
  <system-out/>
  <testcase classname="test.TC_AddCustomer" name="addCustomerTest" time="8.117"/>
  <system-out/>
  <testcase classname="test.TC_AddCustomer" name="addCustomerTest" time="4.405"/>
  <system-out/>
  <testcase classname="test.TC_AddCustomer" name="addCustomerTest" time="4.347"/>
  <system-out/>
  <testcase classname="test.TC_AddCustomer" name="addCustomerTest" time="4.465"/>
  <system-out/>
</testsuite> <!-- test.TC_AddCustomer -->
