<?xml version="1.0" encoding="UTF-8"?>
<!-- Generated by org.testng.reporters.JUnitReportReporter -->
<testsuite hostname="DESKTOP-UDUJB2T" failures="0" tests="1" name="Homework_Day11_Bai1" time="5.714" errors="0" timestamp="2023-11-16T23:59:54 ICT" skipped="0">
  <testcase classname="Homework_Day11_Bai1" name="test02" time="5.714"/>
  <system-out/>
</testsuite> <!-- Homework_Day11_Bai1 -->
