<?xml version="1.0" encoding="UTF-8"?>
<!-- Generated by org.testng.reporters.JUnitReportReporter -->
<testsuite hostname="DESKTOP-UDUJB2T" failures="0" tests="1" name="test.TC_Register" time="6.496" errors="0" timestamp="2023-11-23T00:55:09 ICT" skipped="0">
  <testcase classname="test.TC_Register" name="TC_enterPassword" time="6.496"/>
  <system-out/>
</testsuite> <!-- test.TC_Register -->
