<?xml version="1.0" encoding="UTF-8"?>
<!-- Generated by org.testng.reporters.JUnitReportReporter -->
<testsuite hostname="DESKTOP-UDUJB2T" failures="0" tests="1" name="TestRunner" time="0.068" errors="0" timestamp="2023-12-05T22:57:39 ICT" skipped="0">
  <testcase classname="TestRunner" name="runScenario" time="0.068"/>
  <system-out/>
</testsuite> <!-- TestRunner -->
