<?xml version="1.0" encoding="UTF-8"?>
<!-- Generated by org.testng.reporters.JUnitReportReporter -->
<testsuite hostname="DESKTOP-UDUJB2T" failures="0" tests="8" name="Homework_DataDrivenTesting" time="22.887" errors="0" timestamp="2023-11-27T23:51:38 ICT" skipped="0">
  <testcase classname="Homework_DataDrivenTesting" name="TC_Customer" time="2.936"/>
  <system-out/>
  <testcase classname="Homework_DataDrivenTesting" name="TC_Customer" time="2.807"/>
  <system-out/>
  <testcase classname="Homework_DataDrivenTesting" name="TC_Customer" time="2.813"/>
  <system-out/>
  <testcase classname="Homework_DataDrivenTesting" name="TC_Customer" time="2.851"/>
  <system-out/>
  <testcase classname="Homework_DataDrivenTesting" name="TC_Customer" time="2.863"/>
  <system-out/>
  <testcase classname="Homework_DataDrivenTesting" name="TC_Customer" time="2.870"/>
  <system-out/>
  <testcase classname="Homework_DataDrivenTesting" name="TC_Customer" time="2.874"/>
  <system-out/>
  <testcase classname="Homework_DataDrivenTesting" name="TC_Customer" time="2.873"/>
  <system-out/>
</testsuite> <!-- Homework_DataDrivenTesting -->
